Virtuoso Framework License (111) was checked out successfully. Total checkout time was 0.09s.

Running simulation in directory: "/home/t3rampal/ECE637/cadence/proj2_1bit_fulladder/lvs/".

Loading gpdk045/libInit.il ...
	Loading gpdk045/loadCxt.ile ... done!
	Loading context 'gpdk045' from library 'gpdk045' ... done!
	Loading context 'pdkUtils' from library 'gpdk045' ... done!
	Loading gpdk045/gpdk045_customFilter.il ... done!
	Loading gpdk045/libInitCustomExit.il ... 
	Loading Environment Settings ...
	Loading gpdk045/gpdk045_PDKRegistrations.il ... done!

  *************************************************************           
  *              Cadence Design Systems, Inc.                 *           
  *                                                           *           
  *                    Generic 45nm PDK                       *           
  *                        (gpdk045)                          *           
  *                                                           *           
  *************************************************************           
	

	VERSION: 6.0 (09-September-2019)

done!
Loaded gpdk045/libInit.il successfully!
Running Artist Hierarchical Netlisting ...
End netlisting Oct 29 17:02:46 2023

Running simin

Running runSim()...


Running runsim with simulator: "auCdl"
Begin simulation:    Oct 29 17:02:47 2023

auCdl netlisting completed
End simulation:      Oct 29 17:02:47 2023
INFO (AUCDL-21): (Analog) CDL netlisting completed successfully.