Starting Monte Carlo Sampling...

Current time: Sun Oct 29 19:39:43 2023 

Variation: All
Sampling Method: Low-Discrepancy Sequence
Seed: 

MonteCarlo.4
Number of points completed: 100
Number of simulation errors: 0
MonteCarlo.4 completed. 
Current time: Sun Oct 29 19:40:49 2023 
Monte Carlo Sampling yield summary:
Number of spec values are in this yield data: 6
proj2_1bit_fulladder:proj2_schem_tb_buff_sized_4:1	Nominal - 
	P_avg:	Yield	100%
		Min 1.01249e-05	Max 1.1786e-05	Mean 1.08472e-05	Number of errors 0
proj2_1bit_fulladder:proj2_schem_tb_buff_sized_4:1	Nominal - 
	tp:	Yield	100%
		Min 7.05341e-11	Max 8.41683e-11	Mean 7.73459e-11	Number of errors 0
proj2_1bit_fulladder:proj2_schem_tb_buff_sized_4:1	Nominal - 
	tpHL_Co:	Yield	100%
		Min 4.11627e-11	Max 5.43396e-11	Mean 4.71162e-11	Number of errors 0
proj2_1bit_fulladder:proj2_schem_tb_buff_sized_4:1	Nominal - 
	tpHL_S:	Yield	100%
		Min 6.9452e-11	Max 8.84017e-11	Mean 7.81602e-11	Number of errors 0
proj2_1bit_fulladder:proj2_schem_tb_buff_sized_4:1	Nominal - 
	tpLH_Co:	Yield	100%
		Min 4.66941e-11	Max 6.28239e-11	Mean 5.38638e-11	Number of errors 0
proj2_1bit_fulladder:proj2_schem_tb_buff_sized_4:1	Nominal - 
	tpLH_S:	Yield	100%
		Min 7.03756e-11	Max 8.42481e-11	Mean 7.65316e-11	Number of errors 0

proj2_1bit_fulladder:proj2_schem_tb_buff_sized_4:1
	Overall Yield	100%	Number of points passed	100	Total number of points	100

Estimated yield = 100% (100/100), 0 errors
Estimated yield (No opregions) = 100% (100/100)
