Starting Monte Carlo Sampling...

Current time: Sun Oct 29 13:16:26 2023 

Variation: All
Sampling Method: Low-Discrepancy Sequence
Seed: 

MonteCarlo.2
Number of points completed: 100
Number of simulation errors: 0
MonteCarlo.2 completed. 
Current time: Sun Oct 29 13:18:40 2023 
Monte Carlo Sampling yield summary:
Number of spec values are in this yield data: 5
proj2_1bit_fulladder:proj2_schem_tb_buff_sized_4:1	Nominal - 
	P_avg:	Yield	100%
		Min 1.54894e-05	Max 1.72368e-05	Mean 1.62514e-05	Number of errors 0
proj2_1bit_fulladder:proj2_schem_tb_buff_sized_4:1	Nominal - 
	tpHL_Co:	Yield	100%
		Min 8.45228e-11	Max 1.02828e-10	Mean 9.21369e-11	Number of errors 0
proj2_1bit_fulladder:proj2_schem_tb_buff_sized_4:1	Nominal - 
	tpHL_S:	Yield	100%
		Min 1.36376e-10	Max 1.61043e-10	Mean 1.48547e-10	Number of errors 0
proj2_1bit_fulladder:proj2_schem_tb_buff_sized_4:1	Nominal - 
	tpLH_Co:	Yield	100%
		Min 9.14093e-11	Max 1.14247e-10	Mean 1.0106e-10	Number of errors 0
proj2_1bit_fulladder:proj2_schem_tb_buff_sized_4:1	Nominal - 
	tpLH_S:	Yield	100%
		Min 1.33306e-10	Max 1.60283e-10	Mean 1.47366e-10	Number of errors 0

proj2_1bit_fulladder:proj2_schem_tb_buff_sized_4:1
	Overall Yield	100%	Number of points passed	100	Total number of points	100

Estimated yield = 100% (100/100), 0 errors
Estimated yield (No opregions) = 100% (100/100)
